[06:30:18] [ServerMain/INFO]: [bootstrap] Running Java 21 (OpenJDK 64-Bit Server VM 21.0.8+9-Ubuntu-0ubuntu124.04.1; Ubuntu null) on Linux 6.8.0-1030-azure (amd64)
[06:30:18] [ServerMain/INFO]: [bootstrap] Loading Paper 1.21.8-6-main@782ce95 (2025-07-18T20:26:58Z) for Minecraft 1.21.8
[06:30:18] [ServerMain/INFO]: [PluginInitializerManager] Initializing plugins...
[06:30:18] [ServerMain/INFO]: [PluginInitializerManager] Initialized 2 plugins
[06:30:18] [ServerMain/INFO]: [PluginInitializerManager] Bukkit plugins (2):
 - SimpleTpa (7.9), SkinsRestorer (15.7.8)
[06:30:23] [ServerMain/INFO]: Environment: Environment[sessionHost=https://sessionserver.mojang.com, servicesHost=https://api.minecraftservices.com, name=PROD]
[06:30:25] [ServerMain/INFO]: Loaded 1407 recipes
[06:30:25] [ServerMain/INFO]: Loaded 1520 advancements
[06:30:25] [ServerMain/INFO]: [ca.spottedleaf.dataconverter.minecraft.datatypes.MCTypeRegistry] Initialising converters for DataConverter...
[06:30:26] [ServerMain/INFO]: [ca.spottedleaf.dataconverter.minecraft.datatypes.MCTypeRegistry] Finished initialising converters for DataConverter in 383.7ms
[06:30:26] [Server thread/INFO]: Starting minecraft server version 1.21.8
[06:30:26] [Server thread/INFO]: Loading properties
[06:30:26] [Server thread/INFO]: This server is running Paper version 1.21.8-6-main@782ce95 (2025-07-18T20:26:58Z) (Implementing API version 1.21.8-R0.1-SNAPSHOT)
[06:30:26] [Server thread/INFO]: [spark] This server bundles the spark profiler. For more information please visit https://docs.papermc.io/paper/profiling
[06:30:26] [Server thread/INFO]: Server Ping Player Sample Count: 12
[06:30:26] [Server thread/INFO]: Using 4 threads for Netty based IO
[06:30:27] [Server thread/INFO]: [MoonriseCommon] Paper is using 1 worker threads, 1 I/O threads
[06:30:27] [Server thread/INFO]: [ChunkTaskScheduler] Chunk system is using population gen parallelism: true
[06:30:27] [Server thread/INFO]: Default game type: SURVIVAL
[06:30:27] [Server thread/INFO]: Generating keypair
[06:30:27] [Server thread/INFO]: Starting Minecraft server on *:25565
[06:30:27] [Server thread/INFO]: Using epoll channel type
[06:30:27] [Server thread/INFO]: Paper: Using libdeflate (Linux x86_64) compression from Velocity.
[06:30:27] [Server thread/INFO]: Paper: Using OpenSSL 3.x.x (Linux x86_64) cipher from Velocity.
[06:30:27] [Server thread/INFO]: [SimpleTpa] Loading server plugin SimpleTpa v7.9
[06:30:27] [Server thread/INFO]: [SkinsRestorer] Loading server plugin SkinsRestorer v15.7.8
[06:30:27] [Server thread/INFO]: Server permissions file permissions.yml is empty, ignoring it
[06:30:27] [Server thread/INFO]: [SkinsRestorer] Enabling SkinsRestorer v15.7.8
[06:30:28] [Server thread/INFO]: [SkinsRestorer] Running on Minecraft 1.21.8.
[06:30:29] [Server thread/INFO]: [SkinsRestorer] Using paper join listener!
[06:30:29] [Server thread/WARN]: **** SERVER IS RUNNING IN OFFLINE/INSECURE MODE!
[06:30:29] [Server thread/WARN]: The server will make no attempt to authenticate usernames. Beware.
[06:30:29] [Server thread/WARN]: While this makes the game possible to play without internet access, it also opens up the ability for hackers to connect with any username they choose.
[06:30:29] [Server thread/WARN]: To change this, set "online-mode" to "true" in the server.properties file.
[06:30:29] [Server thread/INFO]: Preparing level "world"
[06:30:29] [Folia Async Scheduler Thread #1/INFO]: [SkinsRestorer] ----------------------------------------------
[06:30:29] [Folia Async Scheduler Thread #1/INFO]: [SkinsRestorer]     +==================+
[06:30:29] [Folia Async Scheduler Thread #1/INFO]: [SkinsRestorer]     |   SkinsRestorer  |
[06:30:29] [Folia Async Scheduler Thread #1/INFO]: [SkinsRestorer]     |------------------|
[06:30:29] [Folia Async Scheduler Thread #1/INFO]: [SkinsRestorer]     |  Standalone Mode |
[06:30:29] [Folia Async Scheduler Thread #1/INFO]: [SkinsRestorer]     +==================+
[06:30:29] [Folia Async Scheduler Thread #1/INFO]: [SkinsRestorer] ----------------------------------------------
[06:30:29] [Folia Async Scheduler Thread #1/INFO]: [SkinsRestorer]     Version: 15.7.8
[06:30:29] [Folia Async Scheduler Thread #1/INFO]: [SkinsRestorer]     Commit: 8c78340
[06:30:29] [Folia Async Scheduler Thread #1/INFO]: [SkinsRestorer]     A new version (15.7.9) is available! Downloading update...
[06:30:29] [Folia Async Scheduler Thread #1/INFO]: [SkinsRestorer] ----------------------------------------------
[06:30:29] [Folia Async Scheduler Thread #1/INFO]: [SkinsRestorer] Do you have issues? Read our troubleshooting guide: https://skinsrestorer.net/docs/troubleshooting
[06:30:29] [Folia Async Scheduler Thread #1/INFO]: [SkinsRestorer] Want to support SkinsRestorer? Consider donating: https://skinsrestorer.net/donate
[06:30:29] [Folia Async Scheduler Thread #1/INFO]: [SkinsRestorer] [GitHubUpdate] Downloading update...
[06:30:29] [Server thread/INFO]: Preparing start region for dimension minecraft:overworld
[06:30:30] [Server thread/INFO]: Preparing spawn area: 0%
[06:30:30] [Folia Async Scheduler Thread #1/INFO]: [SkinsRestorer] [GitHubUpdate] Downloaded update in 857ms
[06:30:30] [Folia Async Scheduler Thread #1/INFO]: [SkinsRestorer] [GitHubUpdate] Update saved as SkinsRestorer.jar
[06:30:30] [Folia Async Scheduler Thread #1/INFO]: [SkinsRestorer] [GitHubUpdate] The update will be loaded on the next server restart
[06:30:30] [Server thread/INFO]: Preparing spawn area: 0%
[06:30:30] [Server thread/INFO]: Preparing spawn area: 0%
[06:30:30] [Server thread/INFO]: Time elapsed: 1038 ms
[06:30:30] [Server thread/INFO]: Preparing start region for dimension minecraft:the_nether
[06:30:30] [Server thread/INFO]: Preparing spawn area: 0%
[06:30:31] [Server thread/INFO]: Time elapsed: 430 ms
[06:30:31] [Server thread/INFO]: Preparing start region for dimension minecraft:the_end
[06:30:31] [Server thread/INFO]: Preparing spawn area: 0%
[06:30:31] [Server thread/INFO]: Time elapsed: 138 ms
[06:30:31] [Server thread/INFO]: [SimpleTpa] Enabling SimpleTpa v7.9
[06:30:31] [Server thread/INFO]: [SimpleTpa] If you need support contact me at https://discord.gg/SZUkza9
[06:30:31] [Server thread/INFO]: [SimpleTpa] Simple Tpa has been enabled on version 7.9
[06:30:31] [Server thread/INFO]: Enabled metrics. You may opt-out by changing plugins/bStats/config.yml
[06:30:31] [Server thread/INFO]: [spark] Starting background profiler...
[06:30:32] [Server thread/INFO]: Done preparing level "world" (3.141s)
[06:30:32] [Server thread/INFO]: Running delayed init tasks
[06:30:32] [Server thread/INFO]: Done (15.075s)! For help, type "help"
[06:32:03] [User Authenticator #0/INFO]: UUID of player MS_iAlexis is 534c469a-bc95-3bf7-95a5-259a8515b99a
[06:32:03] [Server thread/INFO]: [HorriblePlayerLoginEventHack] You have plugins listening to the PlayerLoginEvent, this will cause re-configuration APIs to be unavailable: [SkinsRestorer]
[06:32:04] [Server thread/INFO]: MS_iAlexis joined the game
[06:32:04] [Server thread/INFO]: MS_iAlexis[/127.222.53.64:53283] logged in with entity id 70 at ([world]-260.3477028247135, 84.0, 115.55541634491829)
[06:32:48] [Server thread/INFO]: MS_iAlexis was shot by Skeleton
